2026-02-02 13:17:01 [INFO] Bot: "Проанализируй файл '../sandbox/sales_2024.csv' и покажи:
2026-02-02 13:17:02 [INFO] HTTP Request: POST http://localhost:1234/v1/chat/completions "HTTP/1.1 200 OK"
2026-02-02 13:17:05 [INFO] HTTP Request: POST http://localhost:1234/v1/chat/completions "HTTP/1.1 200 OK"
2026-02-02 13:17:09 [INFO] HTTP Request: POST http://localhost:1234/v1/chat/completions "HTTP/1.1 200 OK"
2026-02-02 13:17:09 [INFO] Bot: **Что находится в файле `sales_2024.csv`**

| Столбец | Описание |
|---------|----------|
| `date` | Дата последнего дня месяца (формат YYYY‑MM‑DD) |
| `product_A` | Количество проданных единиц продукта A за месяц |
| `product_B` | Количество проданных единиц продукта B за месяц |
| `product_C` | Количество проданных единиц продукта C за месяц |

Файл содержит 12 строк – данные по каждому месяцу 2024 года.

**Краткая статистика**

- **Среднее (mean)**  
  - product_A: 177.75  
  - product_B: 133.08  
  - product_C: 102.75  

- **Стандартное отклонение (std)**  
  - product_A: 35.16  
  - product_B: 26.41  
  - product_C: 17.60  

- **Минимум / максимум**  
  - product_A: от 120 до 235  
  - product_B: от 95 до 172  
  - product_C: от 75 до 130  

**График**

Я построил линейный график, показывающий динамику продаж каждого продукта по месяцам. График сохранён как `../sandbox/sales_2024_plot.png`. Он показывает, что продажи всех трёх продуктов растут с января по декабрь, при этом продукт A имеет наибольший рост и самый высокий уровень продаж, а продукт C – самый низкий.

Если понадобится более глубокий анализ (например, сезонные колебания, корреляции между продуктами или прогнозирование), дайте знать!
2026-02-02 13:17:09 [INFO] Bot: 1. Первые 5 строк
2026-02-02 13:17:09 [INFO] HTTP Request: POST http://localhost:1234/v1/chat/completions "HTTP/1.1 200 OK"
2026-02-02 13:17:10 [INFO] HTTP Request: POST http://localhost:1234/v1/chat/completions "HTTP/1.1 200 OK"
2026-02-02 13:17:10 [INFO] Bot: 
2026-02-02 13:17:10 [INFO] Bot: 2. Общую статистику
2026-02-02 13:17:10 [INFO] HTTP Request: POST http://localhost:1234/v1/chat/completions "HTTP/1.1 200 OK"
2026-02-02 13:17:11 [INFO] HTTP Request: POST http://localhost:1234/v1/chat/completions "HTTP/1.1 200 OK"
2026-02-02 13:17:11 [INFO] Bot: 
2026-02-02 13:19:20 [INFO] Bot: покажи:
2026-02-02 13:19:21 [INFO] HTTP Request: POST http://localhost:1234/v1/chat/completions "HTTP/1.1 200 OK"
2026-02-02 13:19:21 [INFO] HTTP Request: POST http://localhost:1234/v1/chat/completions "HTTP/1.1 200 OK"
2026-02-02 13:19:21 [INFO] Bot: 
2026-02-02 13:19:21 [INFO] Bot: 1. Первые 5 строк
2026-02-02 13:19:22 [INFO] HTTP Request: POST http://localhost:1234/v1/chat/completions "HTTP/1.1 200 OK"
2026-02-02 13:19:25 [INFO] HTTP Request: POST http://localhost:1234/v1/chat/completions "HTTP/1.1 200 OK"
2026-02-02 13:19:25 [INFO] Bot: **Первые пять строк файла `sales_2024.csv`**

|   | date       | product_A | product_B | product_C |
|---|------------|-----------|-----------|-----------|
|0  | 2024‑01‑31 | 120       | 95        | 75        |
|1  | 2024‑02‑29 | 135       | 102       | 82        |
|2  | 2024‑03‑31 | 142       | 98        | 88        |
|3  | 2024‑04‑30 | 158       | 115       | 90        |
|4  | 2024‑05‑31 | 165       | 125       | 95        |

- **date** – дата последнего дня месяца (включая февраль с 29‑м днём, так как 2024 — високосный год).
- **product_A / product_B / product_C** – количество проданных единиц каждого продукта за соответствующий месяц.

Таким образом, в начале года продажи постепенно растут: от 120 до 165 для `product_A`, от 95 до 125 для `product_B` и от 75 до 95 для `product_C`.
2026-02-02 13:19:25 [INFO] Bot: 2. Общую статистику
2026-02-02 13:19:25 [INFO] HTTP Request: POST http://localhost:1234/v1/chat/completions "HTTP/1.1 200 OK"
2026-02-02 13:19:25 [INFO] Bot: 
2026-02-02 13:19:41 [INFO] Bot: 3. Сумму продаж по каждому продуктуСумму продаж по каждому продукту
2026-02-02 13:19:42 [INFO] HTTP Request: POST http://localhost:1234/v1/chat/completions "HTTP/1.1 200 OK"
2026-02-02 13:19:42 [INFO] Bot: 
2026-02-02 13:19:54 [INFO] Bot: Сумму продаж по каждому продукту
2026-02-02 13:19:55 [INFO] HTTP Request: POST http://localhost:1234/v1/chat/completions "HTTP/1.1 200 OK"
2026-02-02 13:19:56 [INFO] HTTP Request: POST http://localhost:1234/v1/chat/completions "HTTP/1.1 200 OK"
2026-02-02 13:19:57 [INFO] HTTP Request: POST http://localhost:1234/v1/chat/completions "HTTP/1.1 200 OK"
2026-02-02 13:19:57 [INFO] Bot: 
2026-02-02 13:20:43 [INFO] Bot: покажи Сумму продаж по каждому продукту
2026-02-02 13:20:43 [INFO] HTTP Request: POST http://localhost:1234/v1/chat/completions "HTTP/1.1 200 OK"
2026-02-02 13:20:44 [INFO] HTTP Request: POST http://localhost:1234/v1/chat/completions "HTTP/1.1 200 OK"
2026-02-02 13:20:44 [INFO] Bot: 
2026-02-02 13:22:11 [INFO] Bot: покажи Сумму продаж по каждому продукту
2026-02-02 13:22:12 [INFO] HTTP Request: POST http://localhost:1234/v1/chat/completions "HTTP/1.1 200 OK"
2026-02-02 13:22:14 [INFO] HTTP Request: POST http://localhost:1234/v1/chat/completions "HTTP/1.1 200 OK"
2026-02-02 13:22:15 [INFO] HTTP Request: POST http://localhost:1234/v1/chat/completions "HTTP/1.1 200 OK"
2026-02-02 13:22:15 [INFO] Bot: Файл `sales_2024.csv` содержит ежемесячные продажи трёх продуктов (A, B и C).  
Суммируя значения по каждому столбцу:

| Продукт | Сумма продаж |
|---------|--------------|
| A       | 2133         |
| B       | 1597         |
| C       | 1233         |

Таким образом, в 2024 году продукт **A** продался наибольшее количество единиц (2133), а продукт **C** – наименьшее (1233).
2026-02-02 13:22:32 [INFO] Bot: Построй линейный график продаж всех продуктов за год.
2026-02-02 13:22:35 [INFO] HTTP Request: POST http://localhost:1234/v1/chat/completions "HTTP/1.1 200 OK"
2026-02-02 13:22:39 [INFO] HTTP Request: POST http://localhost:1234/v1/chat/completions "HTTP/1.1 200 OK"
2026-02-02 13:22:39 [INFO] Bot: **Что мы сделали**

1. **Загрузили данные**  
   Файл `sales_2024.csv` содержит даты (в формате `YYYY-MM-DD`) и продажи трёх продуктов: A, B и C.

2. **Преобразовали таблицу**  
   Чтобы построить один график с несколькими линиями, мы «расплющили» данные в длинный формат (`melt`). Теперь каждая строка содержит:
   - `Month` – дата (конец месяца)
   - `Product` – название продукта
   - `Sales` – объём продаж

3. **Нарисовали линейный график**  
   Для каждого продукта построена отдельная линия с маркерами в точках месяца. Линии помечены легендой, чтобы было видно, какой цвет соответствует какому продукту.

4. **Сохранили рисунок**  
   График сохранён в файл `../sandbox/sales_2024_plot.png`.

---

### Как выглядит график

- По оси X отложены даты (конец каждого месяца 2024 года).
- По оси Y – объём продаж.
- Три линии:
  - **Product_A** – самая высокая линия, растёт постепенно с января по май.
  - **Product_B** – чуть ниже A, но тоже растёт.
  - **Product_C** – самая низкая линия, но также демонстрирует рост.

График показывает общий тренд роста продаж всех трёх продуктов в течение первых пяти месяцев 2024 года. Если понадобится анализировать более поздние месяцы или сравнивать сезонные колебания, можно расширить датасет и добавить дополнительные метки.
2026-02-02 13:23:07 [INFO] Bot: Используй модуль requests для загрузки данных из интернета
2026-02-02 13:23:08 [INFO] HTTP Request: POST http://localhost:1234/v1/chat/completions "HTTP/1.1 200 OK"
2026-02-02 13:23:12 [INFO] HTTP Request: POST http://localhost:1234/v1/chat/completions "HTTP/1.1 200 OK"
2026-02-02 13:23:12 [INFO] Bot: К сожалению, в этой среде доступ к внешним ресурсам (например, через `requests`) запрещён – только файлы из папки `../sandbox/` можно читать и писать. Поэтому я не могу загрузить данные с интернета.

Тем не менее, файл **`../sandbox/sales_2024.csv`** уже находится в sandbox, так что его можно открыть напрямую при помощи `pandas`. Ниже приведён пример кода, который читает этот CSV‑файл и выводит первые несколько строк:

```python
import pandas as pd

# Путь к файлу внутри sandbox
path = '../sandbox/sales_2024.csv'

# Чтение файла
df = pd.read_csv(path)

# Вывод первых 5 строк
print(df.head())
```

Результат (первые пять строк) выглядит так:

```
         date  product_A  product_B  product_C
0  2024-01-31        120         95         75
1  2024-02-29        135        102         82
2  2024-03-31        142         98         88
3  2024-04-30        158        115         90
4  2024-05-31        165        125         95
```

Если вам нужно провести дальнейший анализ (например, рассчитать средние продажи, построить графики и т.д.), дайте знать – я помогу написать соответствующий код.
2026-02-02 13:23:42 [INFO] Bot: Используй модуль requests для загрузки данных из интернета погоды на завтра в париже
2026-02-02 13:23:43 [INFO] HTTP Request: POST http://localhost:1234/v1/chat/completions "HTTP/1.1 200 OK"
2026-02-02 13:23:43 [INFO] Bot: К сожалению, я не могу выполнить ваш запрос. В рамках текущих правил доступ к внешним ресурсам через `requests` (или любые другие сетевые библиотеки) запрещён. Поэтому я не смогу загрузить данные о погоде из интернета.

Однако я могу помочь вам проанализировать файл `../sandbox/sales_2024.csv`. Если вы хотите, чтобы я прочитал его и выполнил какие‑то расчёты или построил графики, просто дайте знать!
