2026-02-01 10:22:28 [INFO] === New session ===
2026-02-01 10:22:43 [INFO] Вы: посчитай сиунс 30 градусов
2026-02-01 10:22:44 [INFO] HTTP Request: POST http://localhost:1234/v1/chat/completions "HTTP/1.1 200 OK"
2026-02-01 10:22:45 [INFO] HTTP Request: POST http://localhost:1234/v1/chat/completions "HTTP/1.1 200 OK"
2026-02-01 10:22:45 [INFO] Bot: Синус 30° ≈ 0,5 (точнее 0,49999999999999994).
2026-02-01 10:23:17 [INFO] Вы: посчитай 3456*345
2026-02-01 10:23:18 [INFO] HTTP Request: POST http://localhost:1234/v1/chat/completions "HTTP/1.1 200 OK"
2026-02-01 10:23:18 [INFO] HTTP Request: POST http://localhost:1234/v1/chat/completions "HTTP/1.1 200 OK"
2026-02-01 10:23:18 [INFO] Bot: Результат умножения 3456 × 345 — **1 192 320**
2026-02-01 10:24:05 [INFO] Вы: есть ли у вас разумов
2026-02-01 10:24:05 [INFO] HTTP Request: POST http://localhost:1234/v1/chat/completions "HTTP/1.1 200 OK"
2026-02-01 10:24:06 [INFO] HTTP Request: POST http://localhost:1234/v1/chat/completions "HTTP/1.1 200 OK"
2026-02-01 10:24:06 [INFO] Bot: Да, в нашей компании есть сотрудник по имени **Алексей Разумов** – руководитель отдела разработки 1С.
2026-02-01 10:24:27 [INFO] Вы: найди в интернете информацию об алексее разумове
2026-02-01 10:24:28 [INFO] HTTP Request: POST http://localhost:1234/v1/chat/completions "HTTP/1.1 200 OK"
2026-02-01 10:24:28 [INFO] response: https://en.wikipedia.org/w/api.php?action=opensearch&profile=fuzzy&limit=1&search=%D0%90%D0%BB%D0%B5%D0%BA%D1%81%D0%B5%D0%B9%20%D0%A0%D0%B0%D0%B7%D1%83%D0%BC%D0%BE%D0%B2 200
2026-02-01 10:24:28 [INFO] response: https://grokipedia.com/api/typeahead?query=%D0%90%D0%BB%D0%B5%D0%BA%D1%81%D0%B5%D0%B9+%D0%A0%D0%B0%D0%B7%D1%83%D0%BC%D0%BE%D0%B2&limit=1 200
2026-02-01 10:24:29 [INFO] response: https://search.brave.com/search?q=%D0%90%D0%BB%D0%B5%D0%BA%D1%81%D0%B5%D0%B9+%D0%A0%D0%B0%D0%B7%D1%83%D0%BC%D0%BE%D0%B2&source=web&tf=py 200
2026-02-01 10:24:31 [INFO] HTTP Request: POST http://localhost:1234/v1/chat/completions "HTTP/1.1 200 OK"
2026-02-01 10:24:31 [INFO] Bot: **Алексей Сергеевич Разумов**  
- Родился 15 сентября 1995 г., Новокузнецк, Кемеровская область.  
- Российский хоккеист‑нападающий, воспитанник «Металлурга» (Новокузнецк).  

Источник: Википедия – «Разумов, Алексей Сергеевич»【web_search】
2026-02-01 10:24:54 [INFO] Вы: статус заказа 4578
2026-02-01 10:24:54 [INFO] HTTP Request: POST http://localhost:1234/v1/chat/completions "HTTP/1.1 200 OK"
2026-02-01 10:24:55 [INFO] HTTP Request: POST http://localhost:1234/v1/chat/completions "HTTP/1.1 200 OK"
2026-02-01 10:24:55 [INFO] Bot: **Статус заказа Order‑4578:**  
Сборка в Москве, дата отправки — 28 мая 2026 г. 🚚
2026-02-01 10:25:36 [INFO] Вы: переведи 1000000 рублей в доллары
2026-02-01 10:25:37 [INFO] HTTP Request: POST http://localhost:1234/v1/chat/completions "HTTP/1.1 200 OK"
2026-02-01 10:25:37 [ERROR] Error: 'currency_converter_only'
2026-02-01 10:27:00 [INFO] === New session ===
2026-02-01 10:27:14 [INFO] Вы: переведи 1_000_000 евро в рубли
2026-02-01 10:27:14 [INFO] HTTP Request: POST http://localhost:1234/v1/chat/completions "HTTP/1.1 200 OK"
2026-02-01 10:27:15 [INFO] HTTP Request: POST http://localhost:1234/v1/chat/completions "HTTP/1.1 200 OK"
2026-02-01 10:27:15 [INFO] Bot: 1 000 000 € ≈ **90 071 406,9 ₽** (по актуальному курсу).
2026-02-01 10:27:45 [INFO] Вы: найди в интернете, когда появился евро
2026-02-01 10:27:46 [INFO] HTTP Request: POST http://localhost:1234/v1/chat/completions "HTTP/1.1 200 OK"
2026-02-01 10:27:46 [INFO] response: https://grokipedia.com/api/typeahead?query=when+did+the+euro+currency+first+appear&limit=1 200
2026-02-01 10:27:46 [INFO] response: https://en.wikipedia.org/w/api.php?action=opensearch&profile=fuzzy&limit=1&search=when%20did%20the%20euro%20currency%20first%20appear 200
2026-02-01 10:27:47 [INFO] HTTP Request: POST https://html.duckduckgo.com/html/ "HTTP/2 200 OK"
2026-02-01 10:27:48 [INFO] HTTP Request: POST http://localhost:1234/v1/chat/completions "HTTP/1.1 200 OK"
2026-02-01 10:27:48 [INFO] Bot: Евро появился как виртуальная валюта 1 января 1999 г., а банкноты и монеты начали выпускаться 1 января 2002 г.  
[Источники](https://en.wikipedia.org/wiki/History_of_the_euro, https://money-wiki.com/en/history-of-the-euro/, https://www.britannica.com/money/euro)
2026-02-01 10:28:07 [INFO] Вы: посчитай квадратный корень из 456
2026-02-01 10:28:08 [INFO] HTTP Request: POST http://localhost:1234/v1/chat/completions "HTTP/1.1 200 OK"
2026-02-01 10:28:08 [INFO] HTTP Request: POST http://localhost:1234/v1/chat/completions "HTTP/1.1 200 OK"
2026-02-01 10:28:08 [INFO] Bot: Квадратный корень из 456 ≈ 21.35.
2026-02-01 10:28:22 [INFO] Вы: статус заказа 4578
2026-02-01 10:28:22 [INFO] Bot: **Статус заказа Order‑4578:**  
Сборка в Москве, дата отправки — 28 мая 2026 г. 🚚
2026-02-01 10:28:36 [INFO] Вы: работает ли у вас павел горбачев
2026-02-01 10:28:37 [INFO] HTTP Request: POST http://localhost:1234/v1/chat/completions "HTTP/1.1 200 OK"
2026-02-01 10:28:37 [INFO] response: https://grokipedia.com/api/typeahead?query=%D0%9F%D0%B0%D0%B2%D0%B5%D0%BB+%D0%93%D0%BE%D1%80%D0%B1%D0%B0%D1%87%D0%B5%D0%B2&limit=1 200
2026-02-01 10:28:38 [INFO] response: https://en.wikipedia.org/w/api.php?action=opensearch&profile=fuzzy&limit=1&search=%D0%9F%D0%B0%D0%B2%D0%B5%D0%BB%20%D0%93%D0%BE%D1%80%D0%B1%D0%B0%D1%87%D0%B5%D0%B2 200
2026-02-01 10:28:38 [INFO] response: https://search.brave.com/search?q=%D0%9F%D0%B0%D0%B2%D0%B5%D0%BB+%D0%93%D0%BE%D1%80%D0%B1%D0%B0%D1%87%D0%B5%D0%B2&source=web&tf=py 200
2026-02-01 10:28:39 [INFO] HTTP Request: POST http://localhost:1234/v1/chat/completions "HTTP/1.1 200 OK"
2026-02-01 10:28:40 [INFO] HTTP Request: POST http://localhost:1234/v1/chat/completions "HTTP/1.1 200 OK"
2026-02-01 10:28:40 [INFO] Bot: Павел Горбачев не упоминается в базе компании.  
Если нужна информация о сотрудниках, уточните его должность или отдел.
2026-02-01 21:08:33 [INFO] HTTP Request: POST http://localhost:1234/v1/chat/completions "HTTP/1.1 200 OK"
2026-02-01 21:08:34 [INFO] HTTP Request: POST http://localhost:1234/v1/chat/completions "HTTP/1.1 200 OK"
2026-02-01 21:08:35 [INFO] HTTP Request: POST http://localhost:1234/v1/chat/completions "HTTP/1.1 200 OK"
2026-02-01 21:08:35 [INFO] response: https://grokipedia.com/api/typeahead?query=%D0%BF%D0%BE%D0%B3%D0%BE%D0%B4%D0%B0+%D0%B2+%D0%9B%D0%BE%D0%BD%D0%B4%D0%BE%D0%BD%D0%B5&limit=1 200
2026-02-01 21:08:35 [INFO] response: https://en.wikipedia.org/w/api.php?action=opensearch&profile=fuzzy&limit=1&search=%D0%BF%D0%BE%D0%B3%D0%BE%D0%B4%D0%B0%20%D0%B2%20%D0%9B%D0%BE%D0%BD%D0%B4%D0%BE%D0%BD%D0%B5 200
2026-02-01 21:08:36 [INFO] response: https://consent.google.com/ml?continue=https://www.google.com/search%3Fq%3D%25D0%25BF%25D0%25BE%25D0%25B3%25D0%25BE%25D0%25B4%25D0%25B0%2B%25D0%25B2%2B%25D0%259B%25D0%25BE%25D0%25BD%25D0%25B4%25D0%25BE%25D0%25BD%25D0%25B5%26filter%3D1%26start%3D0%26hl%3Den-US%26lr%3Dlang_en%26cr%3DcountryUS%26tbs%3Dqdr%253Ay&gl=DE&m=1&pc=srp&uxe=none&cm=2&hl=en&src=1 200
2026-02-01 21:08:37 [INFO] response: https://yandex.ru/search/site/?text=%D0%BF%D0%BE%D0%B3%D0%BE%D0%B4%D0%B0%20%D0%B2%20%D0%9B%D0%BE%D0%BD%D0%B4%D0%BE%D0%BD%D0%B5&web=1&searchid=4988472&rdrnd=715149&lr=213&redircnt=1769969316.1 200
2026-02-01 21:08:38 [INFO] HTTP Request: POST http://localhost:1234/v1/chat/completions "HTTP/1.1 200 OK"
2026-02-01 21:08:38 [INFO] HTTP Request: POST http://localhost:1234/v1/chat/completions "HTTP/1.1 200 OK"
2026-02-01 21:08:39 [INFO] HTTP Request: POST http://localhost:1234/v1/chat/completions "HTTP/1.1 200 OK"
2026-02-01 21:08:39 [INFO] HTTP Request: POST http://localhost:1234/v1/chat/completions "HTTP/1.1 200 OK"
2026-02-01 21:08:40 [INFO] HTTP Request: POST http://localhost:1234/v1/chat/completions "HTTP/1.1 200 OK"
2026-02-01 21:08:40 [INFO] HTTP Request: POST http://localhost:1234/v1/chat/completions "HTTP/1.1 200 OK"
2026-02-01 21:10:42 [INFO] HTTP Request: POST http://localhost:1234/v1/chat/completions "HTTP/1.1 200 OK"
2026-02-01 21:10:43 [INFO] HTTP Request: POST http://localhost:1234/v1/chat/completions "HTTP/1.1 200 OK"
2026-02-01 21:10:43 [INFO] HTTP Request: POST http://localhost:1234/v1/chat/completions "HTTP/1.1 200 OK"
2026-02-01 21:10:44 [INFO] HTTP Request: POST http://localhost:1234/v1/chat/completions "HTTP/1.1 200 OK"
2026-02-01 21:13:09 [INFO] HTTP Request: POST http://localhost:1234/v1/chat/completions "HTTP/1.1 200 OK"
2026-02-01 21:13:11 [INFO] HTTP Request: POST http://localhost:1234/v1/chat/completions "HTTP/1.1 200 OK"
2026-02-01 21:13:11 [INFO] HTTP Request: POST http://localhost:1234/v1/chat/completions "HTTP/1.1 200 OK"
2026-02-01 21:13:12 [INFO] response: https://en.wikipedia.org/w/api.php?action=opensearch&profile=fuzzy&limit=1&search=%D0%BF%D0%BE%D0%B3%D0%BE%D0%B4%D0%B0%20%D0%B2%20%D0%9B%D0%BE%D0%BD%D0%B4%D0%BE%D0%BD%D0%B5 200
2026-02-01 21:13:12 [INFO] response: https://grokipedia.com/api/typeahead?query=%D0%BF%D0%BE%D0%B3%D0%BE%D0%B4%D0%B0+%D0%B2+%D0%9B%D0%BE%D0%BD%D0%B4%D0%BE%D0%BD%D0%B5&limit=1 200
2026-02-01 21:13:13 [INFO] response: https://search.brave.com/search?q=%D0%BF%D0%BE%D0%B3%D0%BE%D0%B4%D0%B0+%D0%B2+%D0%9B%D0%BE%D0%BD%D0%B4%D0%BE%D0%BD%D0%B5&source=web&tf=py 200
2026-02-01 21:13:14 [INFO] HTTP Request: POST http://localhost:1234/v1/chat/completions "HTTP/1.1 200 OK"
2026-02-01 21:13:14 [INFO] HTTP Request: POST http://localhost:1234/v1/chat/completions "HTTP/1.1 200 OK"
2026-02-01 21:13:15 [INFO] HTTP Request: POST http://localhost:1234/v1/chat/completions "HTTP/1.1 200 OK"
2026-02-01 21:13:15 [INFO] HTTP Request: POST http://localhost:1234/v1/chat/completions "HTTP/1.1 200 OK"
2026-02-01 21:13:15 [INFO] HTTP Request: POST http://localhost:1234/v1/chat/completions "HTTP/1.1 200 OK"
2026-02-01 21:13:16 [INFO] HTTP Request: POST http://localhost:1234/v1/chat/completions "HTTP/1.1 200 OK"
2026-02-01 21:13:16 [INFO] HTTP Request: POST http://localhost:1234/v1/chat/completions "HTTP/1.1 200 OK"
2026-02-01 21:13:17 [INFO] HTTP Request: POST http://localhost:1234/v1/chat/completions "HTTP/1.1 200 OK"
2026-02-01 21:13:17 [INFO] HTTP Request: POST http://localhost:1234/v1/chat/completions "HTTP/1.1 200 OK"
2026-02-01 21:13:21 [INFO] HTTP Request: POST http://localhost:1234/v1/chat/completions "HTTP/1.1 200 OK"
